Sun Apr 20 09:34:21 UTC 2025
Sun Apr 20 13:14:09 UTC 2025
Mon Apr 21 13:17:37 UTC 2025
Tue Apr 22 13:35:12 UTC 2025
Wed Apr 23 13:36:15 UTC 2025
Thu Apr 24 13:36:47 UTC 2025
Fri Apr 25 13:33:39 UTC 2025
Sat Apr 26 13:04:12 UTC 2025
Sun Apr 27 13:04:50 UTC 2025
Mon Apr 28 13:50:26 UTC 2025
Tue Apr 29 13:44:32 UTC 2025
Wed Apr 30 13:35:24 UTC 2025
Thu May  1 13:18:07 UTC 2025
Fri May  2 13:34:10 UTC 2025
Sat May  3 13:13:21 UTC 2025
Sun May  4 13:14:19 UTC 2025
Mon May  5 13:36:46 UTC 2025
Tue May  6 13:41:11 UTC 2025
Wed May  7 13:43:09 UTC 2025
Thu May  8 13:35:37 UTC 2025
Fri May  9 13:36:00 UTC 2025
